Using pre-set license
Built from '2020.3/staging' branch; Version is '2020.3.26f1 (7298b473bc1a) revision 7510196'; Using compiler version '192528614'; Build Type 'Release'
OS: 'Windows 10  (10.0.19044) 64bit Core' Language: 'en' Physical Memory: 16302 MB
BatchMode: 1, IsHumanControllingUs: 0, StartBugReporterOnCrash: 0, Is64bit: 1, IsPro: 0

COMMAND LINE ARGUMENTS:
D:\Unity\2020.3.26f1\Editor\Unity.exe
-adb2
-batchMode
-noUpm
-name
AssetImportWorker0
-projectPath
E:/Cloud Chaser 3D URP
-logFile
Logs/AssetImportWorker0.log
-srvPort
57701
Successfully changed project path to: E:/Cloud Chaser 3D URP
E:/Cloud Chaser 3D URP
Using Asset Import Pipeline V2.
Refreshing native plugins compatible for Editor in 85.06 ms, found 2 plugins.
Preloading 0 native plugins for Editor in 0.00 ms.
Initialize engine version: 2020.3.26f1 (7298b473bc1a)
[Subsystems] Discovering subsystems at path D:/Unity/2020.3.26f1/Editor/Data/Resources/UnitySubsystems
[Subsystems] Discovering subsystems at path E:/Cloud Chaser 3D URP/Assets
GfxDevice: creating device client; threaded=0
Direct3D:
    Version:  Direct3D 11.0 [level 11.1]
    Renderer: NVIDIA GeForce RTX 2060 (ID=0x1f08)
    Vendor:   
    VRAM:     5980 MB
    Driver:   30.0.15.1165
Initialize mono
Mono path[0] = 'D:/Unity/2020.3.26f1/Editor/Data/Managed'
Mono path[1] = 'D:/Unity/2020.3.26f1/Editor/Data/MonoBleedingEdge/lib/mono/unityjit'
Mono config path = 'D:/Unity/2020.3.26f1/Editor/Data/MonoBleedingEdge/etc'
Using monoOptions --debugger-agent=transport=dt_socket,embedding=1,server=y,suspend=n,address=127.0.0.1:56284
Begin MonoManager ReloadAssembly
Registering precompiled unity dll's ...
Register platform support module: D:/Unity/2020.3.26f1/Editor/Data/PlaybackEngines/WindowsStandaloneSupport/UnityEditor.WindowsStandalone.Extensions.dll
Registered in 0.001071 seconds.
Native extension for WindowsStandalone target not found
Refreshing native plugins compatible for Editor in 62.52 ms, found 2 plugins.
Preloading 0 native plugins for Editor in 0.00 ms.
Mono: successfully reloaded assembly
- Completed reload, in  0.888 seconds
Domain Reload Profiling:
	ReloadAssembly (888ms)
		BeginReloadAssembly (46ms)
			ExecutionOrderSort (0ms)
			DisableScriptedObjects (0ms)
			BackupInstance (0ms)
			ReleaseScriptingObjects (0ms)
			CreateAndSetChildDomain (1ms)
		EndReloadAssembly (780ms)
			LoadAssemblies (45ms)
			RebuildTransferFunctionScriptingTraits (0ms)
			SetupTypeCache (134ms)
			ReleaseScriptCaches (0ms)
			RebuildScriptCaches (28ms)
			SetupLoadedEditorAssemblies (524ms)
				LogAssemblyErrors (0ms)
				InitializePlatformSupportModulesInManaged (4ms)
				SetLoadedEditorAssemblies (0ms)
				RefreshPlugins (63ms)
				BeforeProcessingInitializeOnLoad (7ms)
				ProcessInitializeOnLoadAttributes (78ms)
				ProcessInitializeOnLoadMethodAttributes (372ms)
				AfterProcessingInitializeOnLoad (0ms)
				EditorAssembliesLoaded (0ms)
			ExecutionOrderSort2 (0ms)
			AwakeInstancesAfterBackupRestoration (0ms)
Platform modules already initialized, skipping
Registering precompiled user dll's ...
Registered in 0.205628 seconds.
Begin MonoManager ReloadAssembly
Native extension for WindowsStandalone target not found
Refreshing native plugins compatible for Editor in 59.81 ms, found 2 plugins.
Preloading 0 native plugins for Editor in 0.00 ms.
Mono: successfully reloaded assembly
- Completed reload, in  1.174 seconds
Domain Reload Profiling:
	ReloadAssembly (1175ms)
		BeginReloadAssembly (123ms)
			ExecutionOrderSort (0ms)
			DisableScriptedObjects (5ms)
			BackupInstance (0ms)
			ReleaseScriptingObjects (0ms)
			CreateAndSetChildDomain (16ms)
		EndReloadAssembly (952ms)
			LoadAssemblies (96ms)
			RebuildTransferFunctionScriptingTraits (0ms)
			SetupTypeCache (312ms)
			ReleaseScriptCaches (1ms)
			RebuildScriptCaches (56ms)
			SetupLoadedEditorAssemblies (351ms)
				LogAssemblyErrors (0ms)
				InitializePlatformSupportModulesInManaged (3ms)
				SetLoadedEditorAssemblies (0ms)
				RefreshPlugins (60ms)
				BeforeProcessingInitializeOnLoad (73ms)
				ProcessInitializeOnLoadAttributes (205ms)
				ProcessInitializeOnLoadMethodAttributes (7ms)
				AfterProcessingInitializeOnLoad (2ms)
				EditorAssembliesLoaded (0ms)
			ExecutionOrderSort2 (0ms)
			AwakeInstancesAfterBackupRestoration (6ms)
Platform modules already initialized, skipping
========================================================================
Worker process is ready to serve import requests
Launched and connected shader compiler UnityShaderCompiler.exe after 0.18 seconds
Refreshing native plugins compatible for Editor in 0.85 ms, found 2 plugins.
Preloading 0 native plugins for Editor in 0.00 ms.
Unloading 3454 Unused Serialized files (Serialized files now loaded: 0)
System memory in use before: 160.1 MB.
System memory in use after: 160.3 MB.

Unloading 21 unused Assets to reduce memory usage. Loaded Objects now: 3905.
Total: 3.496500 ms (FindLiveObjects: 0.275500 ms CreateObjectMapping: 0.188300 ms MarkObjects: 2.957200 ms  DeleteObjects: 0.074600 ms)

AssetImportParameters requested are different than current active one (requested -> active):
  custom:framework-win-MediaFoundation: 216162199b28c13a410421893ffa2e32 -> 
  custom:video-decoder-ogg-theora: a1e56fd34408186e4bbccfd4996cb3dc -> 
  custom:container-muxer-webm: aa71ff27fc2769a1b78a27578f13a17b -> 
  custom:container-demuxer-webm: 4f35f7cbe854078d1ac9338744f61a02 -> 
  custom:container-demuxer-ogg: 62fdf1f143b41e24485cea50d1cbac27 -> 
  custom:video-encoder-webm-vp8: eb34c28f22e8b96e1ab97ce403110664 -> 
  custom:video-codec-MediaFoundation-h265: 746d11721c4dcdbdad8f713fa42b33f4 -> 
  custom:video-decoder-webm-vp8: 9c59270c3fd7afecdb556c50c9e8de78 -> 
  custom:audio-decoder-ogg-vorbis: bf7c407c2cedff20999df2af8eb42d56 -> 
  custom:audio-encoder-webm-vorbis: bf7c407c2cedff20999df2af8eb42d56 -> 
========================================================================
Received Import Request.
  path: Assets/011 Shaders and Models/Cloud.shadergraph
  artifactKey: Guid(cb3fda4733d925d449dbdbcc33abdc94) Importer(815301076,1909f56bfc062723c751e8b465ee728b)
Start importing Assets/011 Shaders and Models/Cloud.shadergraph using Guid(cb3fda4733d925d449dbdbcc33abdc94) Importer(815301076,1909f56bfc062723c751e8b465ee728b)  -> (artifact id: '0860a9440f3000f9994596f56aa722bd') in 0.058446 seconds 
  Import took 0.067205 seconds .

========================================================================
Received Import Request.
  Time since last request: 395.430853 seconds.
  path: Assets/009 Prefabs/Big Tree.prefab
  artifactKey: Guid(47a421a16fae2e447a052af74272ffc5) Importer(815301076,1909f56bfc062723c751e8b465ee728b)
Start importing Assets/009 Prefabs/Big Tree.prefab using Guid(47a421a16fae2e447a052af74272ffc5) Importer(815301076,1909f56bfc062723c751e8b465ee728b)  -> (artifact id: '673948a8db3e6b43ea59635470f4e6da') in 0.233240 seconds 
  Import took 0.243189 seconds .

========================================================================
Received Import Request.
  Time since last request: 0.000263 seconds.
  path: Assets/009 Prefabs/Circle.fbx
  artifactKey: Guid(b6d956e99dfd12d469c98a39d06e78de) Importer(815301076,1909f56bfc062723c751e8b465ee728b)
Start importing Assets/009 Prefabs/Circle.fbx using Guid(b6d956e99dfd12d469c98a39d06e78de) Importer(815301076,1909f56bfc062723c751e8b465ee728b)  -> (artifact id: '8e7035551e1fc562ac9c7decdf1f096f') in 0.176014 seconds 
  Import took 0.185323 seconds .

========================================================================
Received Import Request.
  Time since last request: 0.000257 seconds.
  path: Assets/009 Prefabs/Dock Straight Variant.prefab
  artifactKey: Guid(a4fe3695b6b68084e9c3389f1e5a0d55) Importer(815301076,1909f56bfc062723c751e8b465ee728b)
Start importing Assets/009 Prefabs/Dock Straight Variant.prefab using Guid(a4fe3695b6b68084e9c3389f1e5a0d55) Importer(815301076,1909f56bfc062723c751e8b465ee728b)  -> (artifact id: 'e56efe170120bc79f90d331daa5a659f') in 0.065310 seconds 
  Import took 0.075760 seconds .

========================================================================
Received Import Request.
  Time since last request: 0.000319 seconds.
  path: Assets/009 Prefabs/Tree 1.prefab
  artifactKey: Guid(5465a6c58b5ef454bb32ef1d5ca4999e) Importer(815301076,1909f56bfc062723c751e8b465ee728b)
Start importing Assets/009 Prefabs/Tree 1.prefab using Guid(5465a6c58b5ef454bb32ef1d5ca4999e) Importer(815301076,1909f56bfc062723c751e8b465ee728b)  -> (artifact id: 'ad72b359f15904e2563a6827bdb43701') in 0.082204 seconds 
  Import took 0.088397 seconds .

========================================================================
Received Import Request.
  Time since last request: 0.000233 seconds.
  path: Assets/009 Prefabs/Tree 2.prefab
  artifactKey: Guid(48aa22c4d976def4a9c47b8719eb9d80) Importer(815301076,1909f56bfc062723c751e8b465ee728b)
Start importing Assets/009 Prefabs/Tree 2.prefab using Guid(48aa22c4d976def4a9c47b8719eb9d80) Importer(815301076,1909f56bfc062723c751e8b465ee728b)  -> (artifact id: '9bf49d49b321071e433b533b220870ba') in 0.061815 seconds 
  Import took 0.067930 seconds .

========================================================================
Received Import Request.
  Time since last request: 0.000175 seconds.
  path: Assets/009 Prefabs/Floating Island Mid Poly .fbx
  artifactKey: Guid(d20c5cbf131772f4c92bbf4473562fda) Importer(815301076,1909f56bfc062723c751e8b465ee728b)
Start importing Assets/009 Prefabs/Floating Island Mid Poly .fbx using Guid(d20c5cbf131772f4c92bbf4473562fda) Importer(815301076,1909f56bfc062723c751e8b465ee728b)  -> (artifact id: '0255b5df1fc10d15d3af6be4aa434299') in 0.145393 seconds 
  Import took 0.152645 seconds .

========================================================================
Received Import Request.
  Time since last request: 0.000133 seconds.
  path: Assets/009 Prefabs/Particle System.prefab
  artifactKey: Guid(d52ea3e521faffc46afb862e5665e7cd) Importer(815301076,1909f56bfc062723c751e8b465ee728b)
Start importing Assets/009 Prefabs/Particle System.prefab using Guid(d52ea3e521faffc46afb862e5665e7cd) Importer(815301076,1909f56bfc062723c751e8b465ee728b)  -> (artifact id: 'a18ce8462a139b709f3f41428ca41224') in 0.320758 seconds 
  Import took 0.328091 seconds .

========================================================================
Received Import Request.
  Time since last request: 0.000266 seconds.
  path: Assets/009 Prefabs/WaterFall 1.prefab
  artifactKey: Guid(6303475fc4072e44383240f64e771055) Importer(815301076,1909f56bfc062723c751e8b465ee728b)
Start importing Assets/009 Prefabs/WaterFall 1.prefab using Guid(6303475fc4072e44383240f64e771055) Importer(815301076,1909f56bfc062723c751e8b465ee728b)  -> (artifact id: '4bc01348ec24092c1bf2732e20688f4a') in 0.078544 seconds 
  Import took 0.085792 seconds .

========================================================================
Received Import Request.
  Time since last request: 0.000172 seconds.
  path: Assets/009 Prefabs/FalseFloor.prefab
  artifactKey: Guid(bf6123faad878a142ad524cefe50461c) Importer(815301076,1909f56bfc062723c751e8b465ee728b)
Start importing Assets/009 Prefabs/FalseFloor.prefab using Guid(bf6123faad878a142ad524cefe50461c) Importer(815301076,1909f56bfc062723c751e8b465ee728b)  -> (artifact id: 'af8f20d5411091bba2b0a2107939ea83') in 1.023182 seconds 
  Import took 1.030280 seconds .

========================================================================
Received Import Request.
  Time since last request: 0.000172 seconds.
  path: Assets/009 Prefabs/SHACKISLAND.fbx
  artifactKey: Guid(ac0e2449a3503b548b7a4dc948d1484f) Importer(815301076,1909f56bfc062723c751e8b465ee728b)
Start importing Assets/009 Prefabs/SHACKISLAND.fbx using Guid(ac0e2449a3503b548b7a4dc948d1484f) Importer(815301076,1909f56bfc062723c751e8b465ee728b)  -> (artifact id: '7ad333c42f9c52c928eb8e270243c55e') in 1.045661 seconds 
  Import took 1.053955 seconds .

========================================================================
Received Import Request.
  Time since last request: 0.000235 seconds.
  path: Assets/009 Prefabs/Cloud.prefab
  artifactKey: Guid(6dad4ad98349d734fa5db8fb50d3343b) Importer(815301076,1909f56bfc062723c751e8b465ee728b)
Start importing Assets/009 Prefabs/Cloud.prefab using Guid(6dad4ad98349d734fa5db8fb50d3343b) Importer(815301076,1909f56bfc062723c751e8b465ee728b)  -> (artifact id: '68db79dbde89d3098e5af99afb068214') in 0.179523 seconds 
  Import took 0.186706 seconds .

========================================================================
Received Import Request.
  Time since last request: 0.000157 seconds.
  path: Assets/009 Prefabs/SHACKISLAND.prefab
  artifactKey: Guid(53434f6c3517d5b43801d70304731752) Importer(815301076,1909f56bfc062723c751e8b465ee728b)
Start importing Assets/009 Prefabs/SHACKISLAND.prefab using Guid(53434f6c3517d5b43801d70304731752) Importer(815301076,1909f56bfc062723c751e8b465ee728b)  -> (artifact id: '1c1d01a01f0a1a3a8a8b160128ae0dfb') in 0.060358 seconds 
  Import took 0.067852 seconds .

========================================================================
Received Import Request.
  Time since last request: 0.000163 seconds.
  path: Assets/009 Prefabs/WaterFall 1.fbx
  artifactKey: Guid(63f39a60172b3284bbda9d515619b7eb) Importer(815301076,1909f56bfc062723c751e8b465ee728b)
Start importing Assets/009 Prefabs/WaterFall 1.fbx using Guid(63f39a60172b3284bbda9d515619b7eb) Importer(815301076,1909f56bfc062723c751e8b465ee728b)  -> (artifact id: '1e78dcc93511014925ee161d108b9321') in 0.060850 seconds 
  Import took 0.067998 seconds .

========================================================================
Received Import Request.
  Time since last request: 216.045077 seconds.
  path: Assets/004 Shaders/StencilGeometry.shader
  artifactKey: Guid(c33506aba8efea34ebb3d88d6b5b6965) Importer(815301076,1909f56bfc062723c751e8b465ee728b)
Start importing Assets/004 Shaders/StencilGeometry.shader using Guid(c33506aba8efea34ebb3d88d6b5b6965) Importer(815301076,1909f56bfc062723c751e8b465ee728b)  -> (artifact id: '8d7674ba02ea6e1a7b380985fa6b50ec') in 0.035798 seconds 
  Import took 0.042852 seconds .

========================================================================
Received Import Request.
  Time since last request: 4.163464 seconds.
  path: Assets/004 Shaders/WaterShader.shadergraph
  artifactKey: Guid(c51bd0936fa154f44a18018f853d7a75) Importer(815301076,1909f56bfc062723c751e8b465ee728b)
Start importing Assets/004 Shaders/WaterShader.shadergraph using Guid(c51bd0936fa154f44a18018f853d7a75) Importer(815301076,1909f56bfc062723c751e8b465ee728b)  -> (artifact id: '0458967f55bba680d629aa4ad548f3b5') in 0.029365 seconds 
  Import took 0.036124 seconds .

========================================================================
Received Import Request.
  Time since last request: 47.109989 seconds.
  path: Assets/009 Prefabs/Sky Disk 100k 1.prefab
  artifactKey: Guid(ea0dfbf4982324642a9c0a481922fb53) Importer(815301076,1909f56bfc062723c751e8b465ee728b)
Start importing Assets/009 Prefabs/Sky Disk 100k 1.prefab using Guid(ea0dfbf4982324642a9c0a481922fb53) Importer(815301076,1909f56bfc062723c751e8b465ee728b)  -> (artifact id: '75ececbba5b34320264a7d8dd426c77a') in 0.139411 seconds 
  Import took 0.146779 seconds .

========================================================================
Received Import Request.
  Time since last request: 43.805515 seconds.
  path: Assets/ExampleAssets/Prefabs
  artifactKey: Guid(5e04804d4b233d04d92ef41852c3f676) Importer(815301076,1909f56bfc062723c751e8b465ee728b)
Start importing Assets/ExampleAssets/Prefabs using Guid(5e04804d4b233d04d92ef41852c3f676) Importer(815301076,1909f56bfc062723c751e8b465ee728b)  -> (artifact id: '2666c73ed2e1ea47df22686fd60123be') in 0.027441 seconds 
  Import took 0.033972 seconds .

========================================================================
Received Import Request.
  Time since last request: 0.036415 seconds.
  path: Assets/ExampleAssets/Prefabs/Construction Light Low.prefab
  artifactKey: Guid(bf0a225a9ff184f2789f3036faaa9150) Importer(815301076,1909f56bfc062723c751e8b465ee728b)
Start importing Assets/ExampleAssets/Prefabs/Construction Light Low.prefab using Guid(bf0a225a9ff184f2789f3036faaa9150) Importer(815301076,1909f56bfc062723c751e8b465ee728b)  -> (artifact id: 'b9f74b3dba46066064816d7e6692d99d') in 0.397276 seconds 
  Import took 0.404571 seconds .

========================================================================
Received Import Request.
  Time since last request: 0.000243 seconds.
  path: Assets/ExampleAssets/Prefabs/Workshop Set.prefab
  artifactKey: Guid(a87f0180d46fd334b9025d0314a0dc70) Importer(815301076,1909f56bfc062723c751e8b465ee728b)
Start importing Assets/ExampleAssets/Prefabs/Workshop Set.prefab using Guid(a87f0180d46fd334b9025d0314a0dc70) Importer(815301076,1909f56bfc062723c751e8b465ee728b)  -> (artifact id: '444e5a066b841c877a826946f4bd4e1e') in 0.870980 seconds 
  Import took 0.876655 seconds .

========================================================================
Received Import Request.
  Time since last request: 0.000188 seconds.
  path: Assets/ExampleAssets/Prefabs/Paint Supplies.prefab
  artifactKey: Guid(283e6530a665e4513959d1cd4883682f) Importer(815301076,1909f56bfc062723c751e8b465ee728b)
Start importing Assets/ExampleAssets/Prefabs/Paint Supplies.prefab using Guid(283e6530a665e4513959d1cd4883682f) Importer(815301076,1909f56bfc062723c751e8b465ee728b)  -> (artifact id: '62b5a261c2bfc66e84c83c897bf34b0a') in 1.225724 seconds 
  Import took 1.234055 seconds .

========================================================================
Received Import Request.
  Time since last request: 0.000154 seconds.
  path: Assets/ExampleAssets/Prefabs/Workbench_LOD0.prefab
  artifactKey: Guid(c0adcaeba3022437293536832628fdf8) Importer(815301076,1909f56bfc062723c751e8b465ee728b)
Start importing Assets/ExampleAssets/Prefabs/Workbench_LOD0.prefab using Guid(c0adcaeba3022437293536832628fdf8) Importer(815301076,1909f56bfc062723c751e8b465ee728b)  -> (artifact id: 'b196feb218f52a596f6f84baec0baa31') in 0.150722 seconds 
  Import took 0.157454 seconds .

========================================================================
Received Import Request.
  Time since last request: 0.000339 seconds.
  path: Assets/ExampleAssets/Prefabs/Workbench.prefab
  artifactKey: Guid(8850d132797ff49298ba781e8e1c9bfe) Importer(815301076,1909f56bfc062723c751e8b465ee728b)
Start importing Assets/ExampleAssets/Prefabs/Workbench.prefab using Guid(8850d132797ff49298ba781e8e1c9bfe) Importer(815301076,1909f56bfc062723c751e8b465ee728b)  -> (artifact id: '1dbe68a2deb797bc729746166f43451f') in 0.304556 seconds 
  Import took 0.311380 seconds .

========================================================================
Received Import Request.
  Time since last request: 0.000231 seconds.
  path: Assets/ExampleAssets/Prefabs/Props.prefab
  artifactKey: Guid(85dfab9623c67784fa7894de63cd1604) Importer(815301076,1909f56bfc062723c751e8b465ee728b)
Start importing Assets/ExampleAssets/Prefabs/Props.prefab using Guid(85dfab9623c67784fa7894de63cd1604) Importer(815301076,1909f56bfc062723c751e8b465ee728b)  -> (artifact id: '6dc252c2557ffd223991dcb7486cffd6') in 0.123190 seconds 
  Import took 0.130338 seconds .

========================================================================
Received Import Request.
  Time since last request: 0.000280 seconds.
  path: Assets/ExampleAssets/Prefabs/Workbench_LOD1.prefab
  artifactKey: Guid(38d5ecfa2b93c4095b4cc5d4a590e676) Importer(815301076,1909f56bfc062723c751e8b465ee728b)
Start importing Assets/ExampleAssets/Prefabs/Workbench_LOD1.prefab using Guid(38d5ecfa2b93c4095b4cc5d4a590e676) Importer(815301076,1909f56bfc062723c751e8b465ee728b)  -> (artifact id: '9727547acf536eeb6a25b0e190fb1397') in 0.057453 seconds 
  Import took 0.064319 seconds .

========================================================================
Received Import Request.
  Time since last request: 1067.731747 seconds.
  path: Packages/com.unity.render-pipelines.core
  artifactKey: Guid(fa2fec639fb8149193707851fce7d38b) Importer(815301076,1909f56bfc062723c751e8b465ee728b)
Start importing Packages/com.unity.render-pipelines.core using Guid(fa2fec639fb8149193707851fce7d38b) Importer(815301076,1909f56bfc062723c751e8b465ee728b)  -> (artifact id: 'd1c06f7131e1f887965e5bd9c23b5fac') in 0.029063 seconds 
  Import took 0.037713 seconds .

========================================================================
Received Import Request.
  Time since last request: 0.510357 seconds.
  path: Packages/com.unity.cinemachine
  artifactKey: Guid(c19eb9a4b328654bd4ca551e1c34b76c) Importer(815301076,1909f56bfc062723c751e8b465ee728b)
Start importing Packages/com.unity.cinemachine using Guid(c19eb9a4b328654bd4ca551e1c34b76c) Importer(815301076,1909f56bfc062723c751e8b465ee728b)  -> (artifact id: '9fde760708a641dd5ec595485c1f60f2') in 0.026270 seconds 
  Import took 0.032855 seconds .

AssetImportWorkerClient::OnTransportError - code=2 error=End of file
